In file included from [01m[K/opt/ros/humble/include/rclcpp/rclcpp/logging.hpp:24[m[K,
                 from [01m[K/opt/ros/humble/include/rclcpp/rclcpp/client.hpp:40[m[K,
                 from [01m[K/opt/ros/humble/include/rclcpp/rclcpp/callback_group.hpp:24[m[K,
                 from [01m[K/opt/ros/humble/include/rclcpp/rclcpp/any_executable.hpp:20[m[K,
                 from [01m[K/opt/ros/humble/include/rclcpp/rclcpp/memory_strategy.hpp:25[m[K,
                 from [01m[K/opt/ros/humble/include/rclcpp/rclcpp/memory_strategies.hpp:18[m[K,
                 from [01m[K/opt/ros/humble/include/rclcpp/rclcpp/executor_options.hpp:20[m[K,
                 from [01m[K/opt/ros/humble/include/rclcpp/rclcpp/executor.hpp:37[m[K,
                 from [01m[K/opt/ros/humble/include/rclcpp/rclcpp/executors/multi_threaded_executor.hpp:25[m[K,
                 from [01m[K/opt/ros/humble/include/rclcpp/rclcpp/executors.hpp:21[m[K,
                 from [01m[K/opt/ros/humble/include/rclcpp/rclcpp/rclcpp.hpp:155[m[K,
                 from [01m[K/home/leev/workspaces/privyaznik_ws/src/mavsdk_bridge/src/client_commands_takeoff.cpp:6[m[K:
[01m[K/home/leev/workspaces/privyaznik_ws/src/mavsdk_bridge/src/client_commands_takeoff.cpp:[m[K In function ‘[01m[Kint main(int, char**)[m[K’:
[01m[K/home/leev/workspaces/privyaznik_ws/src/mavsdk_bridge/src/client_commands_takeoff.cpp:61:47:[m[K [01;35m[Kwarning: [m[Kformat ‘[01m[K%ld[m[K’ expects argument of type ‘[01m[Klong int[m[K’, but argument 5 has type ‘[01m[Kint[m[K’ [[01;35m[K-Wformat=[m[K]
   61 |     RCLCPP_INFO(rclcpp::get_logger("rclcpp"), [01;35m[K"Result: %ld"[m[K, [32m[Kresult.get()->result[m[K);
      |                                               [01;35m[K^~~~~~~~~~~~~[m[K  [32m[K~~~~~~~~~~~~~~~~~~~~[m[K
      |                                                                            [32m[K|[m[K
      |                                                                            [32m[Kint[m[K
[01m[K/home/leev/workspaces/privyaznik_ws/src/mavsdk_bridge/src/client_commands_takeoff.cpp:61:58:[m[K [01;36m[Knote: [m[Kformat string is defined here
   61 |     RCLCPP_INFO(rclcpp::get_logger("rclcpp"), "Result: [01;36m[K%ld[m[K", result.get()->result);
      |                                                        [01;36m[K~~^[m[K
      |                                                          [01;36m[K|[m[K
      |                                                          [01;36m[Klong int[m[K
      |                                                        [32m[K%d[m[K
In file included from [01m[K/opt/ros/humble/include/rclcpp/rclcpp/logging.hpp:24[m[K,
                 from [01m[K/opt/ros/humble/include/rclcpp/rclcpp/client.hpp:40[m[K,
                 from [01m[K/opt/ros/humble/include/rclcpp/rclcpp/callback_group.hpp:24[m[K,
                 from [01m[K/opt/ros/humble/include/rclcpp/rclcpp/any_executable.hpp:20[m[K,
                 from [01m[K/opt/ros/humble/include/rclcpp/rclcpp/memory_strategy.hpp:25[m[K,
                 from [01m[K/opt/ros/humble/include/rclcpp/rclcpp/memory_strategies.hpp:18[m[K,
                 from [01m[K/opt/ros/humble/include/rclcpp/rclcpp/executor_options.hpp:20[m[K,
                 from [01m[K/opt/ros/humble/include/rclcpp/rclcpp/executor.hpp:37[m[K,
                 from [01m[K/opt/ros/humble/include/rclcpp/rclcpp/executors/multi_threaded_executor.hpp:25[m[K,
                 from [01m[K/opt/ros/humble/include/rclcpp/rclcpp/executors.hpp:21[m[K,
                 from [01m[K/opt/ros/humble/include/rclcpp/rclcpp/rclcpp.hpp:155[m[K,
                 from [01m[K/home/leev/workspaces/privyaznik_ws/src/mavsdk_bridge/src/client_commands_land.cpp:6[m[K:
[01m[K/home/leev/workspaces/privyaznik_ws/src/mavsdk_bridge/src/client_commands_land.cpp:[m[K In function ‘[01m[Kint main(int, char**)[m[K’:
[01m[K/home/leev/workspaces/privyaznik_ws/src/mavsdk_bridge/src/client_commands_land.cpp:61:47:[m[K [01;35m[Kwarning: [m[Kformat ‘[01m[K%ld[m[K’ expects argument of type ‘[01m[Klong int[m[K’, but argument 5 has type ‘[01m[Kint[m[K’ [[01;35m[K-Wformat=[m[K]
   61 |     RCLCPP_INFO(rclcpp::get_logger("rclcpp"), [01;35m[K"Result: %ld"[m[K, [32m[Kresult.get()->result[m[K);
      |                                               [01;35m[K^~~~~~~~~~~~~[m[K  [32m[K~~~~~~~~~~~~~~~~~~~~[m[K
      |                                                                            [32m[K|[m[K
      |                                                                            [32m[Kint[m[K
[01m[K/home/leev/workspaces/privyaznik_ws/src/mavsdk_bridge/src/client_commands_land.cpp:61:58:[m[K [01;36m[Knote: [m[Kformat string is defined here
   61 |     RCLCPP_INFO(rclcpp::get_logger("rclcpp"), "Result: [01;36m[K%ld[m[K", result.get()->result);
      |                                                        [01;36m[K~~^[m[K
      |                                                          [01;36m[K|[m[K
      |                                                          [01;36m[Klong int[m[K
      |                                                        [32m[K%d[m[K
In file included from [01m[K/home/leev/workspaces/privyaznik_ws/src/mavsdk_bridge/src/precision_landing_transmitter.cpp:25[m[K:
[01m[K/opt/ros/humble/include/tf2_geometry_msgs/tf2_geometry_msgs/tf2_geometry_msgs.h:35:2:[m[K [01;35m[Kwarning: [m[K#warning This header is obsolete, please include tf2_geometry_msgs/tf2_geometry_msgs.hpp instead [[01;35m[K-Wcpp[m[K]
   35 | #[01;35m[Kwarning[m[K This header is obsolete, please include tf2_geometry_msgs/tf2_geometry_msgs.hpp instead
      |  [01;35m[K^~~~~~~[m[K
[01m[K/home/leev/workspaces/privyaznik_ws/src/mavsdk_bridge/src/precision_landing_transmitter.cpp:[m[K In function ‘[01m[Kmavsdk::MissionRaw::MissionItem make_mission_item_wp(double, double, float, float, bool, uint16_t&, bool)[m[K’:
[01m[K/home/leev/workspaces/privyaznik_ws/src/mavsdk_bridge/src/precision_landing_transmitter.cpp:54:11:[m[K [01;35m[Kwarning: [m[Kunused parameter ‘[01m[Kspeed_m_s[m[K’ [[01;35m[K-Wunused-parameter[m[K]
   54 |     [01;35m[Kfloat speed_m_s[m[K, bool is_fly_through, uint16_t &seq, bool is_current)
      |     [01;35m[K~~~~~~^~~~~~~~~[m[K
[01m[K/home/leev/workspaces/privyaznik_ws/src/mavsdk_bridge/src/precision_landing_transmitter.cpp:54:27:[m[K [01;35m[Kwarning: [m[Kunused parameter ‘[01m[Kis_fly_through[m[K’ [[01;35m[K-Wunused-parameter[m[K]
   54 |     float speed_m_s, [01;35m[Kbool is_fly_through[m[K, uint16_t &seq, bool is_current)
      |                      [01;35m[K~~~~~^~~~~~~~~~~~~~[m[K
[01m[K/home/leev/workspaces/privyaznik_ws/src/mavsdk_bridge/src/precision_landing_transmitter.cpp:[m[K In function ‘[01m[Kmavsdk::MissionRaw::MissionItem create_mission_item(uint32_t, uint32_t, uint32_t, uint32_t, uint32_t, float, float, float, float, float, float, float, uint32_t)[m[K’:
[01m[K/home/leev/workspaces/privyaznik_ws/src/mavsdk_bridge/src/precision_landing_transmitter.cpp:94:54:[m[K [01;35m[Kwarning: [m[Kunused parameter ‘[01m[K_mission_type[m[K’ [[01;35m[K-Wunused-parameter[m[K]
   94 |                                             [01;35m[Kuint32_t _mission_type[m[K)
      |                                             [01;35m[K~~~~~~~~~^~~~~~~~~~~~~[m[K
[01m[K/home/leev/workspaces/privyaznik_ws/src/mavsdk_bridge/src/precision_landing_transmitter.cpp:[m[K In function ‘[01m[Kbool position_is_initialized(mavsdk::Telemetry::Position)[m[K’:
[01m[K/home/leev/workspaces/privyaznik_ws/src/mavsdk_bridge/src/precision_landing_transmitter.cpp:164:25:[m[K [01;35m[Kwarning: [m[Kvariable ‘[01m[Kpose[m[K’ set but not used [[01;35m[K-Wunused-but-set-variable[m[K]
  164 |     Telemetry::Position [01;35m[Kpose[m[K = Telemetry::Position();
      |                         [01;35m[K^~~~[m[K
[01m[K/home/leev/workspaces/privyaznik_ws/src/mavsdk_bridge/src/precision_landing_transmitter.cpp:[m[K In lambda function:
[01m[K/home/leev/workspaces/privyaznik_ws/src/mavsdk_bridge/src/precision_landing_transmitter.cpp:633:91:[m[K [01;35m[Kwarning: [m[Kunused parameter ‘[01m[Kmavlink_address[m[K’ [[01;35m[K-Wunused-parameter[m[K]
  633 |             auto send_landing_target_message = [this, &landing_target_msg]([01;35m[KMavlinkAddress mavlink_address[m[K, uint8_t channel)
      |                                                                            [01;35m[K~~~~~~~~~~~~~~~^~~~~~~~~~~~~~~[m[K
[01m[K/home/leev/workspaces/privyaznik_ws/src/mavsdk_bridge/src/precision_landing_transmitter.cpp:[m[K In member function ‘[01m[Kuint8_t MavsdkBridgeNode::try_land(std::vector<float>)[m[K’:
[01m[K/home/leev/workspaces/privyaznik_ws/src/mavsdk_bridge/src/precision_landing_transmitter.cpp:649:45:[m[K [01;35m[Kwarning: [m[Kunused parameter ‘[01m[Kdata[m[K’ [[01;35m[K-Wunused-parameter[m[K]
  649 |         uint8_t try_land([01;35m[Kstd::vector<float> data[m[K)
      |                          [01;35m[K~~~~~~~~~~~~~~~~~~~^~~~[m[K
[01m[K/home/leev/workspaces/privyaznik_ws/src/mavsdk_bridge/src/precision_landing_transmitter.cpp:[m[K In member function ‘[01m[Kvoid MavsdkBridgeNode::try_move(std::vector<float>)[m[K’:
[01m[K/home/leev/workspaces/privyaznik_ws/src/mavsdk_bridge/src/precision_landing_transmitter.cpp:680:34:[m[K [01;35m[Kwarning: [m[Kunused variable ‘[01m[Kstart_yaw[m[K’ [[01;35m[K-Wunused-variable[m[K]
  680 |             float altitude, yaw, [01;35m[Kstart_yaw[m[K;
      |                                  [01;35m[K^~~~~~~~~[m[K
[01m[K/home/leev/workspaces/privyaznik_ws/src/mavsdk_bridge/src/precision_landing_transmitter.cpp:[m[K In member function ‘[01m[Kuint8_t MavsdkBridgeNode::try_takeoff(std::vector<float>)[m[K’:
[01m[K/home/leev/workspaces/privyaznik_ws/src/mavsdk_bridge/src/precision_landing_transmitter.cpp:769:30:[m[K [01;35m[Kwarning: [m[Kunused variable ‘[01m[Kseq[m[K’ [[01;35m[K-Wunused-variable[m[K]
  769 |                     uint16_t [01;35m[Kseq[m[K = 0;
      |                              [01;35m[K^~~[m[K
[01m[K/home/leev/workspaces/privyaznik_ws/src/mavsdk_bridge/src/precision_landing_transmitter.cpp:[m[K In lambda function:
[01m[K/home/leev/workspaces/privyaznik_ws/src/mavsdk_bridge/src/precision_landing_transmitter.cpp:855:76:[m[K [01;35m[Kwarning: [m[Kunused parameter ‘[01m[Kmavlink_address[m[K’ [[01;35m[K-Wunused-parameter[m[K]
  855 |             auto send_landing_target_message = [this, &cmd]([01;35m[KMavlinkAddress mavlink_address[m[K, uint8_t channel) {
      |                                                             [01;35m[K~~~~~~~~~~~~~~~^~~~~~~~~~~~~~~[m[K
