-- The C compiler identification is GNU 11.4.0
-- The CXX compiler identification is GNU 11.4.0
-- Detecting C compiler ABI info
-- Detecting C compiler ABI info - done
-- Check for working C compiler: /usr/lib/ccache/cc - skipped
-- Detecting C compile features
-- Detecting C compile features - done
-- Detecting CXX compiler ABI info
-- Detecting CXX compiler ABI info - done
-- Check for working CXX compiler: /usr/lib/ccache/c++ - skipped
-- Detecting CXX compile features
-- Detecting CXX compile features - done
-- Found ament_cmake: 1.3.9 (/opt/ros/humble/share/ament_cmake/cmake)
-- Found Python3: /usr/bin/python3 (found version "3.10.12") found components: Interpreter 
-- Found rclcpp: 16.0.9 (/opt/ros/humble/share/rclcpp/cmake)
-- Found rosidl_generator_c: 3.1.5 (/opt/ros/humble/share/rosidl_generator_c/cmake)
-- Found rosidl_adapter: 3.1.5 (/opt/ros/humble/share/rosidl_adapter/cmake)
-- Found rosidl_generator_cpp: 3.1.5 (/opt/ros/humble/share/rosidl_generator_cpp/cmake)
-- Using all available rosidl_typesupport_c: rosidl_typesupport_fastrtps_c;rosidl_typesupport_introspection_c
-- Using all available rosidl_typesupport_cpp: rosidl_typesupport_fastrtps_cpp;rosidl_typesupport_introspection_cpp
-- Found rmw_implementation_cmake: 6.1.2 (/opt/ros/humble/share/rmw_implementation_cmake/cmake)
-- Found rmw_fastrtps_cpp: 6.2.6 (/opt/ros/humble/share/rmw_fastrtps_cpp/cmake)
-- Found OpenSSL: /usr/lib/x86_64-linux-gnu/libcrypto.so (found version "3.0.2")  
-- Found FastRTPS: /opt/ros/humble/include  
-- Using RMW implementation 'rmw_fastrtps_cpp' as default
-- Looking for pthread.h
-- Looking for pthread.h - found
-- Performing Test CMAKE_HAVE_LIBC_PTHREAD
-- Performing Test CMAKE_HAVE_LIBC_PTHREAD - Success
-- Found Threads: TRUE  
-- Found geometry_msgs: 4.2.3 (/opt/ros/humble/share/geometry_msgs/cmake)
-- Found sensor_msgs: 4.2.3 (/opt/ros/humble/share/sensor_msgs/cmake)
-- Found mavros_msgs: 2.7.0 (/opt/ros/humble/share/mavros_msgs/cmake)
-- Found privyaznik_msgs: 0.0.0 (/home/leev/workspaces/privyaznik_ws/install/privyaznik_msgs/share/privyaznik_msgs/cmake)
-- Found rclcpp_action: 16.0.9 (/opt/ros/humble/share/rclcpp_action/cmake)
-- Found tf2: 0.25.6 (/opt/ros/humble/share/tf2/cmake)
-- Found tf2_geometry_msgs: 0.25.6 (/opt/ros/humble/share/tf2_geometry_msgs/cmake)
-- Found eigen3_cmake_module: 0.1.1 (/opt/ros/humble/share/eigen3_cmake_module/cmake)
-- Found Eigen3: TRUE (found version "3.4.0") 
-- Ensuring Eigen3 include directory is part of orocos-kdl CMake target
-- Found ament_lint_auto: 0.12.11 (/opt/ros/humble/share/ament_lint_auto/cmake)
-- Added test 'cppcheck' to perform static code analysis on C / C++ code
-- Configured cppcheck include dirs: 
-- Configured cppcheck exclude dirs and/or files: 
-- Added test 'lint_cmake' to check CMake code style
-- Added test 'uncrustify' to check C / C++ code style
-- Configured uncrustify additional arguments: 
-- Added test 'xmllint' to check XML markup files
-- Configuring done
-- Generating done
-- Build files have been written to: /home/leev/workspaces/privyaznik_ws/src/mavsdk_bridge/build/mavsdk_bridge
[ 22%] [32mBuilding CXX object CMakeFiles/client_commands_takeoff.dir/src/client_commands_takeoff.cpp.o[0m
[ 22%] [32mBuilding CXX object CMakeFiles/action_client_land.dir/src/action_client_land.cpp.o[0m
[ 22%] [32mBuilding CXX object CMakeFiles/try_move.dir/src/try_move.cpp.o[0m
[ 22%] [32mBuilding CXX object CMakeFiles/precision_landing_transmitter.dir/src/precision_landing_transmitter.cpp.o[0m
[ 38%] [32mBuilding CXX object CMakeFiles/action_client.dir/src/action_client.cpp.o[0m
[ 38%] [32mBuilding CXX object CMakeFiles/try_land.dir/src/try_land.cpp.o[0m
[ 38%] [32mBuilding CXX object CMakeFiles/try_takeoff.dir/src/try_takeoff.cpp.o[0m
[ 44%] [32mBuilding CXX object CMakeFiles/client_commands_land.dir/src/client_commands_land.cpp.o[0m
[ 50%] [32mBuilding CXX object CMakeFiles/action_service.dir/src/action_service.cpp.o[0m
[ 55%] [32m[1mLinking CXX executable try_move[0m
[ 61%] [32m[1mLinking CXX executable try_takeoff[0m
[ 66%] [32m[1mLinking CXX executable try_land[0m
[ 72%] [32m[1mLinking CXX executable client_commands_takeoff[0m
[ 83%] [32m[1mLinking CXX executable action_client_land[0m
[ 83%] [32m[1mLinking CXX executable action_service[0m
[ 94%] [32m[1mLinking CXX executable client_commands_land[0m
[ 94%] [32m[1mLinking CXX executable action_client[0m
[ 94%] Built target client_commands_land
[ 94%] Built target client_commands_takeoff
[ 94%] Built target action_service
[ 94%] Built target action_client
[ 94%] Built target action_client_land
[ 94%] Built target try_move
[ 94%] Built target try_land
[ 94%] Built target try_takeoff
[100%] [32m[1mLinking CXX executable precision_landing_transmitter[0m
[100%] Built target precision_landing_transmitter
-- Install configuration: ""
-- Installing: /home/leev/workspaces/privyaznik_ws/src/mavsdk_bridge/install/mavsdk_bridge/lib/mavsdk_bridge/precision_landing_transmitter
-- Set runtime path of "/home/leev/workspaces/privyaznik_ws/src/mavsdk_bridge/install/mavsdk_bridge/lib/mavsdk_bridge/precision_landing_transmitter" to ""
-- Installing: /home/leev/workspaces/privyaznik_ws/src/mavsdk_bridge/install/mavsdk_bridge/lib/mavsdk_bridge/try_move
-- Set runtime path of "/home/leev/workspaces/privyaznik_ws/src/mavsdk_bridge/install/mavsdk_bridge/lib/mavsdk_bridge/try_move" to ""
-- Installing: /home/leev/workspaces/privyaznik_ws/src/mavsdk_bridge/install/mavsdk_bridge/lib/mavsdk_bridge/try_land
-- Set runtime path of "/home/leev/workspaces/privyaznik_ws/src/mavsdk_bridge/install/mavsdk_bridge/lib/mavsdk_bridge/try_land" to ""
-- Installing: /home/leev/workspaces/privyaznik_ws/src/mavsdk_bridge/install/mavsdk_bridge/lib/mavsdk_bridge/try_takeoff
-- Set runtime path of "/home/leev/workspaces/privyaznik_ws/src/mavsdk_bridge/install/mavsdk_bridge/lib/mavsdk_bridge/try_takeoff" to ""
-- Installing: /home/leev/workspaces/privyaznik_ws/src/mavsdk_bridge/install/mavsdk_bridge/lib/mavsdk_bridge/client_commands_land
-- Set runtime path of "/home/leev/workspaces/privyaznik_ws/src/mavsdk_bridge/install/mavsdk_bridge/lib/mavsdk_bridge/client_commands_land" to ""
-- Installing: /home/leev/workspaces/privyaznik_ws/src/mavsdk_bridge/install/mavsdk_bridge/lib/mavsdk_bridge/client_commands_takeoff
-- Set runtime path of "/home/leev/workspaces/privyaznik_ws/src/mavsdk_bridge/install/mavsdk_bridge/lib/mavsdk_bridge/client_commands_takeoff" to ""
-- Installing: /home/leev/workspaces/privyaznik_ws/src/mavsdk_bridge/install/mavsdk_bridge/lib/mavsdk_bridge/action_client
-- Set runtime path of "/home/leev/workspaces/privyaznik_ws/src/mavsdk_bridge/install/mavsdk_bridge/lib/mavsdk_bridge/action_client" to ""
-- Installing: /home/leev/workspaces/privyaznik_ws/src/mavsdk_bridge/install/mavsdk_bridge/lib/mavsdk_bridge/action_service
-- Set runtime path of "/home/leev/workspaces/privyaznik_ws/src/mavsdk_bridge/install/mavsdk_bridge/lib/mavsdk_bridge/action_service" to ""
-- Installing: /home/leev/workspaces/privyaznik_ws/src/mavsdk_bridge/install/mavsdk_bridge/lib/mavsdk_bridge/action_client_land
-- Set runtime path of "/home/leev/workspaces/privyaznik_ws/src/mavsdk_bridge/install/mavsdk_bridge/lib/mavsdk_bridge/action_client_land" to ""
-- Installing: /home/leev/workspaces/privyaznik_ws/src/mavsdk_bridge/install/mavsdk_bridge/share/ament_index/resource_index/package_run_dependencies/mavsdk_bridge
-- Installing: /home/leev/workspaces/privyaznik_ws/src/mavsdk_bridge/install/mavsdk_bridge/share/ament_index/resource_index/parent_prefix_path/mavsdk_bridge
-- Installing: /home/leev/workspaces/privyaznik_ws/src/mavsdk_bridge/install/mavsdk_bridge/share/mavsdk_bridge/environment/ament_prefix_path.sh
-- Installing: /home/leev/workspaces/privyaznik_ws/src/mavsdk_bridge/install/mavsdk_bridge/share/mavsdk_bridge/environment/ament_prefix_path.dsv
-- Installing: /home/leev/workspaces/privyaznik_ws/src/mavsdk_bridge/install/mavsdk_bridge/share/mavsdk_bridge/environment/path.sh
-- Installing: /home/leev/workspaces/privyaznik_ws/src/mavsdk_bridge/install/mavsdk_bridge/share/mavsdk_bridge/environment/path.dsv
-- Installing: /home/leev/workspaces/privyaznik_ws/src/mavsdk_bridge/install/mavsdk_bridge/share/mavsdk_bridge/local_setup.bash
-- Installing: /home/leev/workspaces/privyaznik_ws/src/mavsdk_bridge/install/mavsdk_bridge/share/mavsdk_bridge/local_setup.sh
-- Installing: /home/leev/workspaces/privyaznik_ws/src/mavsdk_bridge/install/mavsdk_bridge/share/mavsdk_bridge/local_setup.zsh
-- Installing: /home/leev/workspaces/privyaznik_ws/src/mavsdk_bridge/install/mavsdk_bridge/share/mavsdk_bridge/local_setup.dsv
-- Installing: /home/leev/workspaces/privyaznik_ws/src/mavsdk_bridge/install/mavsdk_bridge/share/mavsdk_bridge/package.dsv
-- Installing: /home/leev/workspaces/privyaznik_ws/src/mavsdk_bridge/install/mavsdk_bridge/share/ament_index/resource_index/packages/mavsdk_bridge
-- Installing: /home/leev/workspaces/privyaznik_ws/src/mavsdk_bridge/install/mavsdk_bridge/share/mavsdk_bridge/cmake/mavsdk_bridgeConfig.cmake
-- Installing: /home/leev/workspaces/privyaznik_ws/src/mavsdk_bridge/install/mavsdk_bridge/share/mavsdk_bridge/cmake/mavsdk_bridgeConfig-version.cmake
-- Installing: /home/leev/workspaces/privyaznik_ws/src/mavsdk_bridge/install/mavsdk_bridge/share/mavsdk_bridge/package.xml
