[0.012s] Invoking command in '/home/leev/workspaces/privyaznik_ws/src/mavsdk_bridge/build/mavsdk_bridge': CMAKE_PREFIX_PATH=${CMAKE_PREFIX_PATH}:/home/leev/workspaces/privyaznik_ws/install/coordinate_conversion_py:/home/leev/workspaces/privyaznik_ws/install/aruco_precision_landing_ardupilot:/home/leev/workspaces/privyaznik_ws/install/ardupilot_custom_launches:/home/leev/workspaces/wheeltec_robot_ros2/install/wheeltec_robot_rc:/home/leev/workspaces/wheeltec_robot_ros2/install/turn_on_launches:/opt/ros/humble /usr/bin/cmake /home/leev/workspaces/privyaznik_ws/src/mavsdk_bridge -DCMAKE_INSTALL_PREFIX=/home/leev/workspaces/privyaznik_ws/src/mavsdk_bridge/install/mavsdk_bridge
[0.086s] -- The C compiler identification is GNU 11.4.0
[0.145s] -- The CXX compiler identification is GNU 11.4.0
[0.157s] -- Detecting C compiler ABI info
[0.222s] -- Detecting C compiler ABI info - done
[0.230s] -- Check for working C compiler: /usr/lib/ccache/cc - skipped
[0.230s] -- Detecting C compile features
[0.230s] -- Detecting C compile features - done
[0.233s] -- Detecting CXX compiler ABI info
[0.305s] -- Detecting CXX compiler ABI info - done
[0.310s] -- Check for working CXX compiler: /usr/lib/ccache/c++ - skipped
[0.310s] -- Detecting CXX compile features
[0.310s] -- Detecting CXX compile features - done
[0.315s] -- Found ament_cmake: 1.3.9 (/opt/ros/humble/share/ament_cmake/cmake)
[0.652s] -- Found Python3: /usr/bin/python3 (found version "3.10.12") found components: Interpreter 
[0.761s] -- Found rclcpp: 16.0.9 (/opt/ros/humble/share/rclcpp/cmake)
[0.814s] -- Found rosidl_generator_c: 3.1.5 (/opt/ros/humble/share/rosidl_generator_c/cmake)
[0.821s] -- Found rosidl_adapter: 3.1.5 (/opt/ros/humble/share/rosidl_adapter/cmake)
[0.831s] -- Found rosidl_generator_cpp: 3.1.5 (/opt/ros/humble/share/rosidl_generator_cpp/cmake)
[0.844s] -- Using all available rosidl_typesupport_c: rosidl_typesupport_fastrtps_c;rosidl_typesupport_introspection_c
[0.863s] -- Using all available rosidl_typesupport_cpp: rosidl_typesupport_fastrtps_cpp;rosidl_typesupport_introspection_cpp
[0.943s] -- Found rmw_implementation_cmake: 6.1.2 (/opt/ros/humble/share/rmw_implementation_cmake/cmake)
[0.947s] -- Found rmw_fastrtps_cpp: 6.2.6 (/opt/ros/humble/share/rmw_fastrtps_cpp/cmake)
[1.073s] -- Found OpenSSL: /usr/lib/x86_64-linux-gnu/libcrypto.so (found version "3.0.2")  
[1.105s] -- Found FastRTPS: /opt/ros/humble/include  
[1.157s] -- Using RMW implementation 'rmw_fastrtps_cpp' as default
[1.170s] -- Looking for pthread.h
[1.265s] -- Looking for pthread.h - found
[1.265s] -- Performing Test CMAKE_HAVE_LIBC_PTHREAD
[1.360s] -- Performing Test CMAKE_HAVE_LIBC_PTHREAD - Success
[1.361s] -- Found Threads: TRUE  
[1.482s] -- Found geometry_msgs: 4.2.3 (/opt/ros/humble/share/geometry_msgs/cmake)
[1.515s] -- Found sensor_msgs: 4.2.3 (/opt/ros/humble/share/sensor_msgs/cmake)
[1.578s] -- Found mavros_msgs: 2.7.0 (/opt/ros/humble/share/mavros_msgs/cmake)
[1.845s] -- Found privyaznik_msgs: 0.0.0 (/home/leev/workspaces/privyaznik_ws/install/privyaznik_msgs/share/privyaznik_msgs/cmake)
[1.943s] -- Found rclcpp_action: 16.0.9 (/opt/ros/humble/share/rclcpp_action/cmake)
[1.972s] -- Found tf2: 0.25.6 (/opt/ros/humble/share/tf2/cmake)
[1.991s] -- Found tf2_geometry_msgs: 0.25.6 (/opt/ros/humble/share/tf2_geometry_msgs/cmake)
[2.014s] -- Found eigen3_cmake_module: 0.1.1 (/opt/ros/humble/share/eigen3_cmake_module/cmake)
[2.015s] -- Found Eigen3: TRUE (found version "3.4.0") 
[2.015s] -- Ensuring Eigen3 include directory is part of orocos-kdl CMake target
[2.233s] -- Found ament_lint_auto: 0.12.11 (/opt/ros/humble/share/ament_lint_auto/cmake)
[2.330s] -- Added test 'cppcheck' to perform static code analysis on C / C++ code
[2.331s] -- Configured cppcheck include dirs: 
[2.331s] -- Configured cppcheck exclude dirs and/or files: 
[2.340s] -- Added test 'lint_cmake' to check CMake code style
[2.368s] -- Added test 'uncrustify' to check C / C++ code style
[2.368s] -- Configured uncrustify additional arguments: 
[2.372s] -- Added test 'xmllint' to check XML markup files
[2.374s] -- Configuring done
[2.411s] -- Generating done
[2.413s] -- Build files have been written to: /home/leev/workspaces/privyaznik_ws/src/mavsdk_bridge/build/mavsdk_bridge
[2.425s] Invoked command in '/home/leev/workspaces/privyaznik_ws/src/mavsdk_bridge/build/mavsdk_bridge' returned '0': CMAKE_PREFIX_PATH=${CMAKE_PREFIX_PATH}:/home/leev/workspaces/privyaznik_ws/install/coordinate_conversion_py:/home/leev/workspaces/privyaznik_ws/install/aruco_precision_landing_ardupilot:/home/leev/workspaces/privyaznik_ws/install/ardupilot_custom_launches:/home/leev/workspaces/wheeltec_robot_ros2/install/wheeltec_robot_rc:/home/leev/workspaces/wheeltec_robot_ros2/install/turn_on_launches:/opt/ros/humble /usr/bin/cmake /home/leev/workspaces/privyaznik_ws/src/mavsdk_bridge -DCMAKE_INSTALL_PREFIX=/home/leev/workspaces/privyaznik_ws/src/mavsdk_bridge/install/mavsdk_bridge
[2.427s] Invoking command in '/home/leev/workspaces/privyaznik_ws/src/mavsdk_bridge/build/mavsdk_bridge': CMAKE_PREFIX_PATH=${CMAKE_PREFIX_PATH}:/home/leev/workspaces/privyaznik_ws/install/coordinate_conversion_py:/home/leev/workspaces/privyaznik_ws/install/aruco_precision_landing_ardupilot:/home/leev/workspaces/privyaznik_ws/install/ardupilot_custom_launches:/home/leev/workspaces/wheeltec_robot_ros2/install/wheeltec_robot_rc:/home/leev/workspaces/wheeltec_robot_ros2/install/turn_on_launches:/opt/ros/humble /usr/bin/cmake --build /home/leev/workspaces/privyaznik_ws/src/mavsdk_bridge/build/mavsdk_bridge -- -j12 -l12
[2.488s] [ 22%] [32mBuilding CXX object CMakeFiles/client_commands_takeoff.dir/src/client_commands_takeoff.cpp.o[0m
[2.488s] [ 22%] [32mBuilding CXX object CMakeFiles/action_client_land.dir/src/action_client_land.cpp.o[0m
[2.488s] [ 22%] [32mBuilding CXX object CMakeFiles/try_move.dir/src/try_move.cpp.o[0m
[2.488s] [ 22%] [32mBuilding CXX object CMakeFiles/precision_landing_transmitter.dir/src/precision_landing_transmitter.cpp.o[0m
[2.489s] [ 38%] [32mBuilding CXX object CMakeFiles/action_client.dir/src/action_client.cpp.o[0m
[2.489s] [ 38%] [32mBuilding CXX object CMakeFiles/try_land.dir/src/try_land.cpp.o[0m
[2.489s] [ 38%] [32mBuilding CXX object CMakeFiles/try_takeoff.dir/src/try_takeoff.cpp.o[0m
[2.491s] [ 44%] [32mBuilding CXX object CMakeFiles/client_commands_land.dir/src/client_commands_land.cpp.o[0m
[2.491s] [ 50%] [32mBuilding CXX object CMakeFiles/action_service.dir/src/action_service.cpp.o[0m
[2.507s] In file included from [01m[K/opt/ros/humble/include/rclcpp/rclcpp/logging.hpp:24[m[K,
[2.508s]                  from [01m[K/opt/ros/humble/include/rclcpp/rclcpp/client.hpp:40[m[K,
[2.508s]                  from [01m[K/opt/ros/humble/include/rclcpp/rclcpp/callback_group.hpp:24[m[K,
[2.508s]                  from [01m[K/opt/ros/humble/include/rclcpp/rclcpp/any_executable.hpp:20[m[K,
[2.508s]                  from [01m[K/opt/ros/humble/include/rclcpp/rclcpp/memory_strategy.hpp:25[m[K,
[2.508s]                  from [01m[K/opt/ros/humble/include/rclcpp/rclcpp/memory_strategies.hpp:18[m[K,
[2.508s]                  from [01m[K/opt/ros/humble/include/rclcpp/rclcpp/executor_options.hpp:20[m[K,
[2.508s]                  from [01m[K/opt/ros/humble/include/rclcpp/rclcpp/executor.hpp:37[m[K,
[2.508s]                  from [01m[K/opt/ros/humble/include/rclcpp/rclcpp/executors/multi_threaded_executor.hpp:25[m[K,
[2.508s]                  from [01m[K/opt/ros/humble/include/rclcpp/rclcpp/executors.hpp:21[m[K,
[2.508s]                  from [01m[K/opt/ros/humble/include/rclcpp/rclcpp/rclcpp.hpp:155[m[K,
[2.508s]                  from [01m[K/home/leev/workspaces/privyaznik_ws/src/mavsdk_bridge/src/client_commands_takeoff.cpp:6[m[K:
[2.508s] [01m[K/home/leev/workspaces/privyaznik_ws/src/mavsdk_bridge/src/client_commands_takeoff.cpp:[m[K In function ‘[01m[Kint main(int, char**)[m[K’:
[2.509s] [01m[K/home/leev/workspaces/privyaznik_ws/src/mavsdk_bridge/src/client_commands_takeoff.cpp:61:47:[m[K [01;35m[Kwarning: [m[Kformat ‘[01m[K%ld[m[K’ expects argument of type ‘[01m[Klong int[m[K’, but argument 5 has type ‘[01m[Kint[m[K’ [[01;35m[K-Wformat=[m[K]
[2.509s]    61 |     RCLCPP_INFO(rclcpp::get_logger("rclcpp"), [01;35m[K"Result: %ld"[m[K, [32m[Kresult.get()->result[m[K);
[2.509s]       |                                               [01;35m[K^~~~~~~~~~~~~[m[K  [32m[K~~~~~~~~~~~~~~~~~~~~[m[K
[2.509s]       |                                                                            [32m[K|[m[K
[2.509s]       |                                                                            [32m[Kint[m[K
[2.509s] [01m[K/home/leev/workspaces/privyaznik_ws/src/mavsdk_bridge/src/client_commands_takeoff.cpp:61:58:[m[K [01;36m[Knote: [m[Kformat string is defined here
[2.509s]    61 |     RCLCPP_INFO(rclcpp::get_logger("rclcpp"), "Result: [01;36m[K%ld[m[K", result.get()->result);
[2.509s]       |                                                        [01;36m[K~~^[m[K
[2.509s]       |                                                          [01;36m[K|[m[K
[2.509s]       |                                                          [01;36m[Klong int[m[K
[2.509s]       |                                                        [32m[K%d[m[K
[2.510s] In file included from [01m[K/opt/ros/humble/include/rclcpp/rclcpp/logging.hpp:24[m[K,
[2.510s]                  from [01m[K/opt/ros/humble/include/rclcpp/rclcpp/client.hpp:40[m[K,
[2.510s]                  from [01m[K/opt/ros/humble/include/rclcpp/rclcpp/callback_group.hpp:24[m[K,
[2.510s]                  from [01m[K/opt/ros/humble/include/rclcpp/rclcpp/any_executable.hpp:20[m[K,
[2.510s]                  from [01m[K/opt/ros/humble/include/rclcpp/rclcpp/memory_strategy.hpp:25[m[K,
[2.510s]                  from [01m[K/opt/ros/humble/include/rclcpp/rclcpp/memory_strategies.hpp:18[m[K,
[2.510s]                  from [01m[K/opt/ros/humble/include/rclcpp/rclcpp/executor_options.hpp:20[m[K,
[2.510s]                  from [01m[K/opt/ros/humble/include/rclcpp/rclcpp/executor.hpp:37[m[K,
[2.510s]                  from [01m[K/opt/ros/humble/include/rclcpp/rclcpp/executors/multi_threaded_executor.hpp:25[m[K,
[2.510s]                  from [01m[K/opt/ros/humble/include/rclcpp/rclcpp/executors.hpp:21[m[K,
[2.510s]                  from [01m[K/opt/ros/humble/include/rclcpp/rclcpp/rclcpp.hpp:155[m[K,
[2.510s]                  from [01m[K/home/leev/workspaces/privyaznik_ws/src/mavsdk_bridge/src/client_commands_land.cpp:6[m[K:
[2.511s] [01m[K/home/leev/workspaces/privyaznik_ws/src/mavsdk_bridge/src/client_commands_land.cpp:[m[K In function ‘[01m[Kint main(int, char**)[m[K’:
[2.511s] [01m[K/home/leev/workspaces/privyaznik_ws/src/mavsdk_bridge/src/client_commands_land.cpp:61:47:[m[K [01;35m[Kwarning: [m[Kformat ‘[01m[K%ld[m[K’ expects argument of type ‘[01m[Klong int[m[K’, but argument 5 has type ‘[01m[Kint[m[K’ [[01;35m[K-Wformat=[m[K]
[2.511s]    61 |     RCLCPP_INFO(rclcpp::get_logger("rclcpp"), [01;35m[K"Result: %ld"[m[K, [32m[Kresult.get()->result[m[K);
[2.511s]       |                                               [01;35m[K^~~~~~~~~~~~~[m[K  [32m[K~~~~~~~~~~~~~~~~~~~~[m[K
[2.511s]       |                                                                            [32m[K|[m[K
[2.511s]       |                                                                            [32m[Kint[m[K
[2.511s] [01m[K/home/leev/workspaces/privyaznik_ws/src/mavsdk_bridge/src/client_commands_land.cpp:61:58:[m[K [01;36m[Knote: [m[Kformat string is defined here
[2.511s]    61 |     RCLCPP_INFO(rclcpp::get_logger("rclcpp"), "Result: [01;36m[K%ld[m[K", result.get()->result);
[2.511s]       |                                                        [01;36m[K~~^[m[K
[2.511s]       |                                                          [01;36m[K|[m[K
[2.511s]       |                                                          [01;36m[Klong int[m[K
[2.511s]       |                                                        [32m[K%d[m[K
[2.517s] [ 55%] [32m[1mLinking CXX executable try_move[0m
[2.519s] [ 61%] [32m[1mLinking CXX executable try_takeoff[0m
[2.519s] [ 66%] [32m[1mLinking CXX executable try_land[0m
[2.522s] [ 72%] [32m[1mLinking CXX executable client_commands_takeoff[0m
[2.524s] [ 83%] [32m[1mLinking CXX executable action_client_land[0m
[2.524s] [ 83%] [32m[1mLinking CXX executable action_service[0m
[2.524s] [ 94%] [32m[1mLinking CXX executable client_commands_land[0m
[2.524s] [ 94%] [32m[1mLinking CXX executable action_client[0m
[2.902s] [ 94%] Built target client_commands_land
[2.907s] [ 94%] Built target client_commands_takeoff
[2.908s] [ 94%] Built target action_service
[2.926s] [ 94%] Built target action_client
[2.949s] [ 94%] Built target action_client_land
[2.952s] [ 94%] Built target try_move
[2.954s] [ 94%] Built target try_land
[2.966s] [ 94%] Built target try_takeoff
[16.869s] In file included from [01m[K/home/leev/workspaces/privyaznik_ws/src/mavsdk_bridge/src/precision_landing_transmitter.cpp:25[m[K:
[16.869s] [01m[K/opt/ros/humble/include/tf2_geometry_msgs/tf2_geometry_msgs/tf2_geometry_msgs.h:35:2:[m[K [01;35m[Kwarning: [m[K#warning This header is obsolete, please include tf2_geometry_msgs/tf2_geometry_msgs.hpp instead [[01;35m[K-Wcpp[m[K]
[16.870s]    35 | #[01;35m[Kwarning[m[K This header is obsolete, please include tf2_geometry_msgs/tf2_geometry_msgs.hpp instead
[16.870s]       |  [01;35m[K^~~~~~~[m[K
[16.870s] [01m[K/home/leev/workspaces/privyaznik_ws/src/mavsdk_bridge/src/precision_landing_transmitter.cpp:[m[K In function ‘[01m[Kmavsdk::MissionRaw::MissionItem make_mission_item_wp(double, double, float, float, bool, uint16_t&, bool)[m[K’:
[16.870s] [01m[K/home/leev/workspaces/privyaznik_ws/src/mavsdk_bridge/src/precision_landing_transmitter.cpp:54:11:[m[K [01;35m[Kwarning: [m[Kunused parameter ‘[01m[Kspeed_m_s[m[K’ [[01;35m[K-Wunused-parameter[m[K]
[16.870s]    54 |     [01;35m[Kfloat speed_m_s[m[K, bool is_fly_through, uint16_t &seq, bool is_current)
[16.870s]       |     [01;35m[K~~~~~~^~~~~~~~~[m[K
[16.870s] [01m[K/home/leev/workspaces/privyaznik_ws/src/mavsdk_bridge/src/precision_landing_transmitter.cpp:54:27:[m[K [01;35m[Kwarning: [m[Kunused parameter ‘[01m[Kis_fly_through[m[K’ [[01;35m[K-Wunused-parameter[m[K]
[16.870s]    54 |     float speed_m_s, [01;35m[Kbool is_fly_through[m[K, uint16_t &seq, bool is_current)
[16.870s]       |                      [01;35m[K~~~~~^~~~~~~~~~~~~~[m[K
[16.870s] [01m[K/home/leev/workspaces/privyaznik_ws/src/mavsdk_bridge/src/precision_landing_transmitter.cpp:[m[K In function ‘[01m[Kmavsdk::MissionRaw::MissionItem create_mission_item(uint32_t, uint32_t, uint32_t, uint32_t, uint32_t, float, float, float, float, float, float, float, uint32_t)[m[K’:
[16.870s] [01m[K/home/leev/workspaces/privyaznik_ws/src/mavsdk_bridge/src/precision_landing_transmitter.cpp:94:54:[m[K [01;35m[Kwarning: [m[Kunused parameter ‘[01m[K_mission_type[m[K’ [[01;35m[K-Wunused-parameter[m[K]
[16.870s]    94 |                                             [01;35m[Kuint32_t _mission_type[m[K)
[16.870s]       |                                             [01;35m[K~~~~~~~~~^~~~~~~~~~~~~[m[K
[16.870s] [01m[K/home/leev/workspaces/privyaznik_ws/src/mavsdk_bridge/src/precision_landing_transmitter.cpp:[m[K In function ‘[01m[Kbool position_is_initialized(mavsdk::Telemetry::Position)[m[K’:
[16.870s] [01m[K/home/leev/workspaces/privyaznik_ws/src/mavsdk_bridge/src/precision_landing_transmitter.cpp:164:25:[m[K [01;35m[Kwarning: [m[Kvariable ‘[01m[Kpose[m[K’ set but not used [[01;35m[K-Wunused-but-set-variable[m[K]
[16.870s]   164 |     Telemetry::Position [01;35m[Kpose[m[K = Telemetry::Position();
[16.871s]       |                         [01;35m[K^~~~[m[K
[16.871s] [01m[K/home/leev/workspaces/privyaznik_ws/src/mavsdk_bridge/src/precision_landing_transmitter.cpp:[m[K In lambda function:
[16.871s] [01m[K/home/leev/workspaces/privyaznik_ws/src/mavsdk_bridge/src/precision_landing_transmitter.cpp:633:91:[m[K [01;35m[Kwarning: [m[Kunused parameter ‘[01m[Kmavlink_address[m[K’ [[01;35m[K-Wunused-parameter[m[K]
[16.871s]   633 |             auto send_landing_target_message = [this, &landing_target_msg]([01;35m[KMavlinkAddress mavlink_address[m[K, uint8_t channel)
[16.871s]       |                                                                            [01;35m[K~~~~~~~~~~~~~~~^~~~~~~~~~~~~~~[m[K
[16.871s] [01m[K/home/leev/workspaces/privyaznik_ws/src/mavsdk_bridge/src/precision_landing_transmitter.cpp:[m[K In member function ‘[01m[Kuint8_t MavsdkBridgeNode::try_land(std::vector<float>)[m[K’:
[16.871s] [01m[K/home/leev/workspaces/privyaznik_ws/src/mavsdk_bridge/src/precision_landing_transmitter.cpp:649:45:[m[K [01;35m[Kwarning: [m[Kunused parameter ‘[01m[Kdata[m[K’ [[01;35m[K-Wunused-parameter[m[K]
[16.871s]   649 |         uint8_t try_land([01;35m[Kstd::vector<float> data[m[K)
[16.871s]       |                          [01;35m[K~~~~~~~~~~~~~~~~~~~^~~~[m[K
[16.871s] [01m[K/home/leev/workspaces/privyaznik_ws/src/mavsdk_bridge/src/precision_landing_transmitter.cpp:[m[K In member function ‘[01m[Kvoid MavsdkBridgeNode::try_move(std::vector<float>)[m[K’:
[16.871s] [01m[K/home/leev/workspaces/privyaznik_ws/src/mavsdk_bridge/src/precision_landing_transmitter.cpp:680:34:[m[K [01;35m[Kwarning: [m[Kunused variable ‘[01m[Kstart_yaw[m[K’ [[01;35m[K-Wunused-variable[m[K]
[16.871s]   680 |             float altitude, yaw, [01;35m[Kstart_yaw[m[K;
[16.871s]       |                                  [01;35m[K^~~~~~~~~[m[K
[16.871s] [01m[K/home/leev/workspaces/privyaznik_ws/src/mavsdk_bridge/src/precision_landing_transmitter.cpp:[m[K In member function ‘[01m[Kuint8_t MavsdkBridgeNode::try_takeoff(std::vector<float>)[m[K’:
[16.871s] [01m[K/home/leev/workspaces/privyaznik_ws/src/mavsdk_bridge/src/precision_landing_transmitter.cpp:769:30:[m[K [01;35m[Kwarning: [m[Kunused variable ‘[01m[Kseq[m[K’ [[01;35m[K-Wunused-variable[m[K]
[16.871s]   769 |                     uint16_t [01;35m[Kseq[m[K = 0;
[16.871s]       |                              [01;35m[K^~~[m[K
[16.872s] [01m[K/home/leev/workspaces/privyaznik_ws/src/mavsdk_bridge/src/precision_landing_transmitter.cpp:[m[K In lambda function:
[16.872s] [01m[K/home/leev/workspaces/privyaznik_ws/src/mavsdk_bridge/src/precision_landing_transmitter.cpp:855:76:[m[K [01;35m[Kwarning: [m[Kunused parameter ‘[01m[Kmavlink_address[m[K’ [[01;35m[K-Wunused-parameter[m[K]
[16.872s]   855 |             auto send_landing_target_message = [this, &cmd]([01;35m[KMavlinkAddress mavlink_address[m[K, uint8_t channel) {
[16.872s]       |                                                             [01;35m[K~~~~~~~~~~~~~~~^~~~~~~~~~~~~~~[m[K
[16.886s] [100%] [32m[1mLinking CXX executable precision_landing_transmitter[0m
[17.842s] [100%] Built target precision_landing_transmitter
[17.855s] Invoked command in '/home/leev/workspaces/privyaznik_ws/src/mavsdk_bridge/build/mavsdk_bridge' returned '0': CMAKE_PREFIX_PATH=${CMAKE_PREFIX_PATH}:/home/leev/workspaces/privyaznik_ws/install/coordinate_conversion_py:/home/leev/workspaces/privyaznik_ws/install/aruco_precision_landing_ardupilot:/home/leev/workspaces/privyaznik_ws/install/ardupilot_custom_launches:/home/leev/workspaces/wheeltec_robot_ros2/install/wheeltec_robot_rc:/home/leev/workspaces/wheeltec_robot_ros2/install/turn_on_launches:/opt/ros/humble /usr/bin/cmake --build /home/leev/workspaces/privyaznik_ws/src/mavsdk_bridge/build/mavsdk_bridge -- -j12 -l12
[17.934s] Invoking command in '/home/leev/workspaces/privyaznik_ws/src/mavsdk_bridge/build/mavsdk_bridge': CMAKE_PREFIX_PATH=${CMAKE_PREFIX_PATH}:/home/leev/workspaces/privyaznik_ws/install/coordinate_conversion_py:/home/leev/workspaces/privyaznik_ws/install/aruco_precision_landing_ardupilot:/home/leev/workspaces/privyaznik_ws/install/ardupilot_custom_launches:/home/leev/workspaces/wheeltec_robot_ros2/install/wheeltec_robot_rc:/home/leev/workspaces/wheeltec_robot_ros2/install/turn_on_launches:/opt/ros/humble /usr/bin/cmake --install /home/leev/workspaces/privyaznik_ws/src/mavsdk_bridge/build/mavsdk_bridge
[17.942s] -- Install configuration: ""
[17.942s] -- Installing: /home/leev/workspaces/privyaznik_ws/src/mavsdk_bridge/install/mavsdk_bridge/lib/mavsdk_bridge/precision_landing_transmitter
[17.952s] -- Set runtime path of "/home/leev/workspaces/privyaznik_ws/src/mavsdk_bridge/install/mavsdk_bridge/lib/mavsdk_bridge/precision_landing_transmitter" to ""
[17.952s] -- Installing: /home/leev/workspaces/privyaznik_ws/src/mavsdk_bridge/install/mavsdk_bridge/lib/mavsdk_bridge/try_move
[17.954s] -- Set runtime path of "/home/leev/workspaces/privyaznik_ws/src/mavsdk_bridge/install/mavsdk_bridge/lib/mavsdk_bridge/try_move" to ""
[17.954s] -- Installing: /home/leev/workspaces/privyaznik_ws/src/mavsdk_bridge/install/mavsdk_bridge/lib/mavsdk_bridge/try_land
[17.955s] -- Set runtime path of "/home/leev/workspaces/privyaznik_ws/src/mavsdk_bridge/install/mavsdk_bridge/lib/mavsdk_bridge/try_land" to ""
[17.955s] -- Installing: /home/leev/workspaces/privyaznik_ws/src/mavsdk_bridge/install/mavsdk_bridge/lib/mavsdk_bridge/try_takeoff
[17.957s] -- Set runtime path of "/home/leev/workspaces/privyaznik_ws/src/mavsdk_bridge/install/mavsdk_bridge/lib/mavsdk_bridge/try_takeoff" to ""
[17.957s] -- Installing: /home/leev/workspaces/privyaznik_ws/src/mavsdk_bridge/install/mavsdk_bridge/lib/mavsdk_bridge/client_commands_land
[17.958s] -- Set runtime path of "/home/leev/workspaces/privyaznik_ws/src/mavsdk_bridge/install/mavsdk_bridge/lib/mavsdk_bridge/client_commands_land" to ""
[17.958s] -- Installing: /home/leev/workspaces/privyaznik_ws/src/mavsdk_bridge/install/mavsdk_bridge/lib/mavsdk_bridge/client_commands_takeoff
[17.959s] -- Set runtime path of "/home/leev/workspaces/privyaznik_ws/src/mavsdk_bridge/install/mavsdk_bridge/lib/mavsdk_bridge/client_commands_takeoff" to ""
[17.959s] -- Installing: /home/leev/workspaces/privyaznik_ws/src/mavsdk_bridge/install/mavsdk_bridge/lib/mavsdk_bridge/action_client
[17.960s] -- Set runtime path of "/home/leev/workspaces/privyaznik_ws/src/mavsdk_bridge/install/mavsdk_bridge/lib/mavsdk_bridge/action_client" to ""
[17.960s] -- Installing: /home/leev/workspaces/privyaznik_ws/src/mavsdk_bridge/install/mavsdk_bridge/lib/mavsdk_bridge/action_service
[17.961s] -- Set runtime path of "/home/leev/workspaces/privyaznik_ws/src/mavsdk_bridge/install/mavsdk_bridge/lib/mavsdk_bridge/action_service" to ""
[17.962s] -- Installing: /home/leev/workspaces/privyaznik_ws/src/mavsdk_bridge/install/mavsdk_bridge/lib/mavsdk_bridge/action_client_land
[17.963s] -- Set runtime path of "/home/leev/workspaces/privyaznik_ws/src/mavsdk_bridge/install/mavsdk_bridge/lib/mavsdk_bridge/action_client_land" to ""
[17.963s] -- Installing: /home/leev/workspaces/privyaznik_ws/src/mavsdk_bridge/install/mavsdk_bridge/share/ament_index/resource_index/package_run_dependencies/mavsdk_bridge
[17.963s] -- Installing: /home/leev/workspaces/privyaznik_ws/src/mavsdk_bridge/install/mavsdk_bridge/share/ament_index/resource_index/parent_prefix_path/mavsdk_bridge
[17.963s] -- Installing: /home/leev/workspaces/privyaznik_ws/src/mavsdk_bridge/install/mavsdk_bridge/share/mavsdk_bridge/environment/ament_prefix_path.sh
[17.964s] -- Installing: /home/leev/workspaces/privyaznik_ws/src/mavsdk_bridge/install/mavsdk_bridge/share/mavsdk_bridge/environment/ament_prefix_path.dsv
[17.964s] -- Installing: /home/leev/workspaces/privyaznik_ws/src/mavsdk_bridge/install/mavsdk_bridge/share/mavsdk_bridge/environment/path.sh
[17.964s] -- Installing: /home/leev/workspaces/privyaznik_ws/src/mavsdk_bridge/install/mavsdk_bridge/share/mavsdk_bridge/environment/path.dsv
[17.964s] -- Installing: /home/leev/workspaces/privyaznik_ws/src/mavsdk_bridge/install/mavsdk_bridge/share/mavsdk_bridge/local_setup.bash
[17.964s] -- Installing: /home/leev/workspaces/privyaznik_ws/src/mavsdk_bridge/install/mavsdk_bridge/share/mavsdk_bridge/local_setup.sh
[17.964s] -- Installing: /home/leev/workspaces/privyaznik_ws/src/mavsdk_bridge/install/mavsdk_bridge/share/mavsdk_bridge/local_setup.zsh
[17.964s] -- Installing: /home/leev/workspaces/privyaznik_ws/src/mavsdk_bridge/install/mavsdk_bridge/share/mavsdk_bridge/local_setup.dsv
[17.965s] -- Installing: /home/leev/workspaces/privyaznik_ws/src/mavsdk_bridge/install/mavsdk_bridge/share/mavsdk_bridge/package.dsv
[17.965s] -- Installing: /home/leev/workspaces/privyaznik_ws/src/mavsdk_bridge/install/mavsdk_bridge/share/ament_index/resource_index/packages/mavsdk_bridge
[17.965s] -- Installing: /home/leev/workspaces/privyaznik_ws/src/mavsdk_bridge/install/mavsdk_bridge/share/mavsdk_bridge/cmake/mavsdk_bridgeConfig.cmake
[17.965s] -- Installing: /home/leev/workspaces/privyaznik_ws/src/mavsdk_bridge/install/mavsdk_bridge/share/mavsdk_bridge/cmake/mavsdk_bridgeConfig-version.cmake
[17.965s] -- Installing: /home/leev/workspaces/privyaznik_ws/src/mavsdk_bridge/install/mavsdk_bridge/share/mavsdk_bridge/package.xml
[17.967s] Invoked command in '/home/leev/workspaces/privyaznik_ws/src/mavsdk_bridge/build/mavsdk_bridge' returned '0': CMAKE_PREFIX_PATH=${CMAKE_PREFIX_PATH}:/home/leev/workspaces/privyaznik_ws/install/coordinate_conversion_py:/home/leev/workspaces/privyaznik_ws/install/aruco_precision_landing_ardupilot:/home/leev/workspaces/privyaznik_ws/install/ardupilot_custom_launches:/home/leev/workspaces/wheeltec_robot_ros2/install/wheeltec_robot_rc:/home/leev/workspaces/wheeltec_robot_ros2/install/turn_on_launches:/opt/ros/humble /usr/bin/cmake --install /home/leev/workspaces/privyaznik_ws/src/mavsdk_bridge/build/mavsdk_bridge
