[0.089s] DEBUG:colcon:Command line arguments: ['/usr/bin/colcon', 'build']
[0.089s] DEBUG:colcon:Parsed command line arguments: Namespace(log_base=None, log_level=None, verb_name='build', build_base='build', install_base='install', merge_install=False, symlink_install=False, test_result_base=None, continue_on_error=False, executor='parallel', parallel_workers=12, event_handlers=None, ignore_user_meta=False, metas=['./colcon.meta'], base_paths=['.'], packages_ignore=None, packages_ignore_regex=None, paths=None, packages_up_to=None, packages_up_to_regex=None, packages_above=None, packages_above_and_dependencies=None, packages_above_depth=None, packages_select_by_dep=None, packages_skip_by_dep=None, packages_skip_up_to=None, packages_select_build_failed=False, packages_skip_build_finished=False, packages_select_test_failures=False, packages_skip_test_passed=False, packages_select=None, packages_skip=None, packages_select_regex=None, packages_skip_regex=None, packages_start=None, packages_end=None, allow_overriding=[], cmake_args=None, cmake_target=None, cmake_target_skip_unavailable=False, cmake_clean_cache=False, cmake_clean_first=False, cmake_force_configure=False, ament_cmake_args=None, catkin_cmake_args=None, catkin_skip_building_tests=False, mixin_files=None, mixin=None, verb_parser=<colcon_mixin.mixin.mixin_argument.MixinArgumentDecorator object at 0x7522097649a0>, verb_extension=<colcon_core.verb.build.BuildVerb object at 0x752209737af0>, main=<bound method BuildVerb.main of <colcon_core.verb.build.BuildVerb object at 0x752209737af0>>, mixin_verb=('build',))
[0.118s] Level 1:colcon.colcon_core.package_discovery:discover_packages(colcon_meta) check parameters
[0.118s] Level 1:colcon.colcon_core.package_discovery:discover_packages(recursive) check parameters
[0.118s] Level 1:colcon.colcon_core.package_discovery:discover_packages(ignore) check parameters
[0.118s] Level 1:colcon.colcon_core.package_discovery:discover_packages(path) check parameters
[0.118s] Level 1:colcon.colcon_core.package_discovery:discover_packages(colcon_meta) discover
[0.118s] Level 1:colcon.colcon_core.package_discovery:discover_packages(recursive) discover
[0.118s] INFO:colcon.colcon_core.package_discovery:Crawling recursively for packages in '/home/leev/workspaces/privyaznik_ws/src/mavsdk_bridge'
[0.118s] Level 1:colcon.colcon_core.package_identification:_identify(.) by extensions ['ignore', 'ignore_ament_install']
[0.118s] Level 1:colcon.colcon_core.package_identification:_identify(.) by extension 'ignore'
[0.118s] Level 1:colcon.colcon_core.package_identification:_identify(.) by extension 'ignore_ament_install'
[0.118s] Level 1:colcon.colcon_core.package_identification:_identify(.) by extensions ['colcon_pkg']
[0.118s] Level 1:colcon.colcon_core.package_identification:_identify(.) by extension 'colcon_pkg'
[0.119s] Level 1:colcon.colcon_core.package_identification:_identify(.) by extensions ['colcon_meta']
[0.119s] Level 1:colcon.colcon_core.package_identification:_identify(.) by extension 'colcon_meta'
[0.119s] Level 1:colcon.colcon_core.package_identification:_identify(.) by extensions ['ros']
[0.119s] Level 1:colcon.colcon_core.package_identification:_identify(.) by extension 'ros'
[0.131s] DEBUG:colcon.colcon_core.package_identification:Package '.' with type 'ros.ament_cmake' and name 'mavsdk_bridge'
[0.131s] Level 1:colcon.colcon_core.package_discovery:discover_packages(recursive) using defaults
[0.131s] Level 1:colcon.colcon_core.package_discovery:discover_packages(ignore) discover
[0.131s] Level 1:colcon.colcon_core.package_discovery:discover_packages(ignore) using defaults
[0.131s] Level 1:colcon.colcon_core.package_discovery:discover_packages(path) discover
[0.131s] Level 1:colcon.colcon_core.package_discovery:discover_packages(path) using defaults
[0.147s] Level 1:colcon.colcon_core.package_discovery:discover_packages(prefix_path) check parameters
[0.147s] Level 1:colcon.colcon_core.package_discovery:discover_packages(prefix_path) discover
[0.148s] DEBUG:colcon.colcon_installed_package_information.package_discovery:Found 1 installed packages in /home/leev/workspaces/json_test/install
[0.149s] DEBUG:colcon.colcon_installed_package_information.package_discovery:Found 10 installed packages in /home/leev/workspaces/wheeltec_robot_ros2/install
[0.149s] DEBUG:colcon.colcon_installed_package_information.package_discovery:Found 5 installed packages in /home/leev/workspaces/privyaznik_ws/install
[0.150s] DEBUG:colcon.colcon_installed_package_information.package_discovery:Found 307 installed packages in /opt/ros/humble
[0.151s] Level 1:colcon.colcon_core.package_discovery:discover_packages(prefix_path) using defaults
[0.181s] Level 5:colcon.colcon_core.verb:set package 'mavsdk_bridge' build argument 'cmake_args' from command line to 'None'
[0.181s] Level 5:colcon.colcon_core.verb:set package 'mavsdk_bridge' build argument 'cmake_target' from command line to 'None'
[0.181s] Level 5:colcon.colcon_core.verb:set package 'mavsdk_bridge' build argument 'cmake_target_skip_unavailable' from command line to 'False'
[0.181s] Level 5:colcon.colcon_core.verb:set package 'mavsdk_bridge' build argument 'cmake_clean_cache' from command line to 'False'
[0.181s] Level 5:colcon.colcon_core.verb:set package 'mavsdk_bridge' build argument 'cmake_clean_first' from command line to 'False'
[0.181s] Level 5:colcon.colcon_core.verb:set package 'mavsdk_bridge' build argument 'cmake_force_configure' from command line to 'False'
[0.181s] Level 5:colcon.colcon_core.verb:set package 'mavsdk_bridge' build argument 'ament_cmake_args' from command line to 'None'
[0.181s] Level 5:colcon.colcon_core.verb:set package 'mavsdk_bridge' build argument 'catkin_cmake_args' from command line to 'None'
[0.181s] Level 5:colcon.colcon_core.verb:set package 'mavsdk_bridge' build argument 'catkin_skip_building_tests' from command line to 'False'
[0.181s] DEBUG:colcon.colcon_core.verb:Building package 'mavsdk_bridge' with the following arguments: {'ament_cmake_args': None, 'build_base': '/home/leev/workspaces/privyaznik_ws/src/mavsdk_bridge/build/mavsdk_bridge', 'catkin_cmake_args': None, 'catkin_skip_building_tests': False, 'cmake_args': None, 'cmake_clean_cache': False, 'cmake_clean_first': False, 'cmake_force_configure': False, 'cmake_target': None, 'cmake_target_skip_unavailable': False, 'install_base': '/home/leev/workspaces/privyaznik_ws/src/mavsdk_bridge/install/mavsdk_bridge', 'merge_install': False, 'path': '/home/leev/workspaces/privyaznik_ws/src/mavsdk_bridge', 'symlink_install': False, 'test_result_base': None}
[0.181s] INFO:colcon.colcon_core.executor:Executing jobs using 'parallel' executor
[0.182s] DEBUG:colcon.colcon_parallel_executor.executor.parallel:run_until_complete
[0.182s] INFO:colcon.colcon_ros.task.ament_cmake.build:Building ROS package in '/home/leev/workspaces/privyaznik_ws/src/mavsdk_bridge' with build type 'ament_cmake'
[0.182s] INFO:colcon.colcon_cmake.task.cmake.build:Building CMake package in '/home/leev/workspaces/privyaznik_ws/src/mavsdk_bridge'
[0.185s] INFO:colcon.colcon_core.plugin_system:Skipping extension 'colcon_core.shell.bat': Not used on non-Windows systems
[0.185s] INFO:colcon.colcon_core.shell:Skip shell extension 'powershell' for command environment: Not usable outside of PowerShell
[0.185s] DEBUG:colcon.colcon_core.shell:Skip shell extension 'dsv' for command environment
[0.195s] DEBUG:colcon.colcon_core.event_handler.log_command:Invoking command in '/home/leev/workspaces/privyaznik_ws/src/mavsdk_bridge/build/mavsdk_bridge': CMAKE_PREFIX_PATH=${CMAKE_PREFIX_PATH}:/home/leev/workspaces/privyaznik_ws/install/coordinate_conversion_py:/home/leev/workspaces/privyaznik_ws/install/aruco_precision_landing_ardupilot:/home/leev/workspaces/privyaznik_ws/install/ardupilot_custom_launches:/home/leev/workspaces/wheeltec_robot_ros2/install/wheeltec_robot_rc:/home/leev/workspaces/wheeltec_robot_ros2/install/turn_on_launches:/opt/ros/humble /usr/bin/cmake /home/leev/workspaces/privyaznik_ws/src/mavsdk_bridge -DCMAKE_INSTALL_PREFIX=/home/leev/workspaces/privyaznik_ws/src/mavsdk_bridge/install/mavsdk_bridge
[2.608s] DEBUG:colcon.colcon_core.event_handler.log_command:Invoked command in '/home/leev/workspaces/privyaznik_ws/src/mavsdk_bridge/build/mavsdk_bridge' returned '0': CMAKE_PREFIX_PATH=${CMAKE_PREFIX_PATH}:/home/leev/workspaces/privyaznik_ws/install/coordinate_conversion_py:/home/leev/workspaces/privyaznik_ws/install/aruco_precision_landing_ardupilot:/home/leev/workspaces/privyaznik_ws/install/ardupilot_custom_launches:/home/leev/workspaces/wheeltec_robot_ros2/install/wheeltec_robot_rc:/home/leev/workspaces/wheeltec_robot_ros2/install/turn_on_launches:/opt/ros/humble /usr/bin/cmake /home/leev/workspaces/privyaznik_ws/src/mavsdk_bridge -DCMAKE_INSTALL_PREFIX=/home/leev/workspaces/privyaznik_ws/src/mavsdk_bridge/install/mavsdk_bridge
[2.610s] DEBUG:colcon.colcon_core.event_handler.log_command:Invoking command in '/home/leev/workspaces/privyaznik_ws/src/mavsdk_bridge/build/mavsdk_bridge': CMAKE_PREFIX_PATH=${CMAKE_PREFIX_PATH}:/home/leev/workspaces/privyaznik_ws/install/coordinate_conversion_py:/home/leev/workspaces/privyaznik_ws/install/aruco_precision_landing_ardupilot:/home/leev/workspaces/privyaznik_ws/install/ardupilot_custom_launches:/home/leev/workspaces/wheeltec_robot_ros2/install/wheeltec_robot_rc:/home/leev/workspaces/wheeltec_robot_ros2/install/turn_on_launches:/opt/ros/humble /usr/bin/cmake --build /home/leev/workspaces/privyaznik_ws/src/mavsdk_bridge/build/mavsdk_bridge -- -j12 -l12
[18.038s] DEBUG:colcon.colcon_core.event_handler.log_command:Invoked command in '/home/leev/workspaces/privyaznik_ws/src/mavsdk_bridge/build/mavsdk_bridge' returned '0': CMAKE_PREFIX_PATH=${CMAKE_PREFIX_PATH}:/home/leev/workspaces/privyaznik_ws/install/coordinate_conversion_py:/home/leev/workspaces/privyaznik_ws/install/aruco_precision_landing_ardupilot:/home/leev/workspaces/privyaznik_ws/install/ardupilot_custom_launches:/home/leev/workspaces/wheeltec_robot_ros2/install/wheeltec_robot_rc:/home/leev/workspaces/wheeltec_robot_ros2/install/turn_on_launches:/opt/ros/humble /usr/bin/cmake --build /home/leev/workspaces/privyaznik_ws/src/mavsdk_bridge/build/mavsdk_bridge -- -j12 -l12
[18.117s] DEBUG:colcon.colcon_core.event_handler.log_command:Invoking command in '/home/leev/workspaces/privyaznik_ws/src/mavsdk_bridge/build/mavsdk_bridge': CMAKE_PREFIX_PATH=${CMAKE_PREFIX_PATH}:/home/leev/workspaces/privyaznik_ws/install/coordinate_conversion_py:/home/leev/workspaces/privyaznik_ws/install/aruco_precision_landing_ardupilot:/home/leev/workspaces/privyaznik_ws/install/ardupilot_custom_launches:/home/leev/workspaces/wheeltec_robot_ros2/install/wheeltec_robot_rc:/home/leev/workspaces/wheeltec_robot_ros2/install/turn_on_launches:/opt/ros/humble /usr/bin/cmake --install /home/leev/workspaces/privyaznik_ws/src/mavsdk_bridge/build/mavsdk_bridge
[18.150s] Level 1:colcon.colcon_core.environment:create_environment_scripts_only(mavsdk_bridge)
[18.150s] DEBUG:colcon.colcon_core.event_handler.log_command:Invoked command in '/home/leev/workspaces/privyaznik_ws/src/mavsdk_bridge/build/mavsdk_bridge' returned '0': CMAKE_PREFIX_PATH=${CMAKE_PREFIX_PATH}:/home/leev/workspaces/privyaznik_ws/install/coordinate_conversion_py:/home/leev/workspaces/privyaznik_ws/install/aruco_precision_landing_ardupilot:/home/leev/workspaces/privyaznik_ws/install/ardupilot_custom_launches:/home/leev/workspaces/wheeltec_robot_ros2/install/wheeltec_robot_rc:/home/leev/workspaces/wheeltec_robot_ros2/install/turn_on_launches:/opt/ros/humble /usr/bin/cmake --install /home/leev/workspaces/privyaznik_ws/src/mavsdk_bridge/build/mavsdk_bridge
[18.152s] Level 1:colcon.colcon_core.environment:checking '/home/leev/workspaces/privyaznik_ws/src/mavsdk_bridge/install/mavsdk_bridge' for CMake module files
[18.153s] Level 1:colcon.colcon_core.environment:checking '/home/leev/workspaces/privyaznik_ws/src/mavsdk_bridge/install/mavsdk_bridge' for CMake config files
[18.153s] Level 1:colcon.colcon_core.shell:create_environment_hook('mavsdk_bridge', 'cmake_prefix_path')
[18.153s] INFO:colcon.colcon_core.shell:Creating environment hook '/home/leev/workspaces/privyaznik_ws/src/mavsdk_bridge/install/mavsdk_bridge/share/mavsdk_bridge/hook/cmake_prefix_path.ps1'
[18.153s] INFO:colcon.colcon_core.shell:Creating environment descriptor '/home/leev/workspaces/privyaznik_ws/src/mavsdk_bridge/install/mavsdk_bridge/share/mavsdk_bridge/hook/cmake_prefix_path.dsv'
[18.154s] INFO:colcon.colcon_core.shell:Creating environment hook '/home/leev/workspaces/privyaznik_ws/src/mavsdk_bridge/install/mavsdk_bridge/share/mavsdk_bridge/hook/cmake_prefix_path.sh'
[18.154s] Level 1:colcon.colcon_core.environment:checking '/home/leev/workspaces/privyaznik_ws/src/mavsdk_bridge/install/mavsdk_bridge/lib'
[18.154s] Level 1:colcon.colcon_core.environment:checking '/home/leev/workspaces/privyaznik_ws/src/mavsdk_bridge/install/mavsdk_bridge/bin'
[18.155s] Level 1:colcon.colcon_core.environment:checking '/home/leev/workspaces/privyaznik_ws/src/mavsdk_bridge/install/mavsdk_bridge/lib/pkgconfig/mavsdk_bridge.pc'
[18.155s] Level 1:colcon.colcon_core.environment:checking '/home/leev/workspaces/privyaznik_ws/src/mavsdk_bridge/install/mavsdk_bridge/lib/python3.10/site-packages'
[18.155s] Level 1:colcon.colcon_core.environment:checking '/home/leev/workspaces/privyaznik_ws/src/mavsdk_bridge/install/mavsdk_bridge/bin'
[18.155s] INFO:colcon.colcon_core.shell:Creating package script '/home/leev/workspaces/privyaznik_ws/src/mavsdk_bridge/install/mavsdk_bridge/share/mavsdk_bridge/package.ps1'
[18.156s] INFO:colcon.colcon_core.shell:Creating package descriptor '/home/leev/workspaces/privyaznik_ws/src/mavsdk_bridge/install/mavsdk_bridge/share/mavsdk_bridge/package.dsv'
[18.156s] INFO:colcon.colcon_core.shell:Creating package script '/home/leev/workspaces/privyaznik_ws/src/mavsdk_bridge/install/mavsdk_bridge/share/mavsdk_bridge/package.sh'
[18.156s] INFO:colcon.colcon_core.shell:Creating package script '/home/leev/workspaces/privyaznik_ws/src/mavsdk_bridge/install/mavsdk_bridge/share/mavsdk_bridge/package.bash'
[18.157s] INFO:colcon.colcon_core.shell:Creating package script '/home/leev/workspaces/privyaznik_ws/src/mavsdk_bridge/install/mavsdk_bridge/share/mavsdk_bridge/package.zsh'
[18.157s] Level 1:colcon.colcon_core.environment:create_file_with_runtime_dependencies(/home/leev/workspaces/privyaznik_ws/src/mavsdk_bridge/install/mavsdk_bridge/share/colcon-core/packages/mavsdk_bridge)
[18.219s] Level 1:colcon.colcon_core.environment:create_environment_scripts_only(mavsdk_bridge)
[18.219s] Level 1:colcon.colcon_core.environment:checking '/home/leev/workspaces/privyaznik_ws/src/mavsdk_bridge/install/mavsdk_bridge' for CMake module files
[18.220s] Level 1:colcon.colcon_core.environment:checking '/home/leev/workspaces/privyaznik_ws/src/mavsdk_bridge/install/mavsdk_bridge' for CMake config files
[18.220s] Level 1:colcon.colcon_core.shell:create_environment_hook('mavsdk_bridge', 'cmake_prefix_path')
[18.221s] INFO:colcon.colcon_core.shell:Creating environment hook '/home/leev/workspaces/privyaznik_ws/src/mavsdk_bridge/install/mavsdk_bridge/share/mavsdk_bridge/hook/cmake_prefix_path.ps1'
[18.221s] INFO:colcon.colcon_core.shell:Creating environment descriptor '/home/leev/workspaces/privyaznik_ws/src/mavsdk_bridge/install/mavsdk_bridge/share/mavsdk_bridge/hook/cmake_prefix_path.dsv'
[18.221s] INFO:colcon.colcon_core.shell:Creating environment hook '/home/leev/workspaces/privyaznik_ws/src/mavsdk_bridge/install/mavsdk_bridge/share/mavsdk_bridge/hook/cmake_prefix_path.sh'
[18.222s] Level 1:colcon.colcon_core.environment:checking '/home/leev/workspaces/privyaznik_ws/src/mavsdk_bridge/install/mavsdk_bridge/lib'
[18.222s] Level 1:colcon.colcon_core.environment:checking '/home/leev/workspaces/privyaznik_ws/src/mavsdk_bridge/install/mavsdk_bridge/bin'
[18.222s] Level 1:colcon.colcon_core.environment:checking '/home/leev/workspaces/privyaznik_ws/src/mavsdk_bridge/install/mavsdk_bridge/lib/pkgconfig/mavsdk_bridge.pc'
[18.222s] Level 1:colcon.colcon_core.environment:checking '/home/leev/workspaces/privyaznik_ws/src/mavsdk_bridge/install/mavsdk_bridge/lib/python3.10/site-packages'
[18.222s] Level 1:colcon.colcon_core.environment:checking '/home/leev/workspaces/privyaznik_ws/src/mavsdk_bridge/install/mavsdk_bridge/bin'
[18.222s] INFO:colcon.colcon_core.shell:Creating package script '/home/leev/workspaces/privyaznik_ws/src/mavsdk_bridge/install/mavsdk_bridge/share/mavsdk_bridge/package.ps1'
[18.223s] INFO:colcon.colcon_core.shell:Creating package descriptor '/home/leev/workspaces/privyaznik_ws/src/mavsdk_bridge/install/mavsdk_bridge/share/mavsdk_bridge/package.dsv'
[18.223s] INFO:colcon.colcon_core.shell:Creating package script '/home/leev/workspaces/privyaznik_ws/src/mavsdk_bridge/install/mavsdk_bridge/share/mavsdk_bridge/package.sh'
[18.223s] INFO:colcon.colcon_core.shell:Creating package script '/home/leev/workspaces/privyaznik_ws/src/mavsdk_bridge/install/mavsdk_bridge/share/mavsdk_bridge/package.bash'
[18.224s] INFO:colcon.colcon_core.shell:Creating package script '/home/leev/workspaces/privyaznik_ws/src/mavsdk_bridge/install/mavsdk_bridge/share/mavsdk_bridge/package.zsh'
[18.224s] Level 1:colcon.colcon_core.environment:create_file_with_runtime_dependencies(/home/leev/workspaces/privyaznik_ws/src/mavsdk_bridge/install/mavsdk_bridge/share/colcon-core/packages/mavsdk_bridge)
[18.224s] DEBUG:colcon.colcon_parallel_executor.executor.parallel:closing loop
[18.224s] DEBUG:colcon.colcon_parallel_executor.executor.parallel:loop closed
[18.225s] DEBUG:colcon.colcon_parallel_executor.executor.parallel:run_until_complete finished with '0'
[18.225s] DEBUG:colcon.colcon_core.event_reactor:joining thread
[18.229s] INFO:colcon.colcon_core.plugin_system:Skipping extension 'colcon_notification.desktop_notification.terminal_notifier': Not used on non-Darwin systems
[18.229s] INFO:colcon.colcon_core.plugin_system:Skipping extension 'colcon_notification.desktop_notification.win32': Not used on non-Windows systems
[18.229s] INFO:colcon.colcon_notification.desktop_notification:Sending desktop notification using 'notify2'
[18.240s] DEBUG:colcon.colcon_core.event_reactor:joined thread
[18.241s] INFO:colcon.colcon_core.shell:Creating prefix script '/home/leev/workspaces/privyaznik_ws/src/mavsdk_bridge/install/local_setup.ps1'
[18.241s] INFO:colcon.colcon_core.shell:Creating prefix util module '/home/leev/workspaces/privyaznik_ws/src/mavsdk_bridge/install/_local_setup_util_ps1.py'
[18.242s] INFO:colcon.colcon_core.shell:Creating prefix chain script '/home/leev/workspaces/privyaznik_ws/src/mavsdk_bridge/install/setup.ps1'
[18.244s] INFO:colcon.colcon_core.shell:Creating prefix script '/home/leev/workspaces/privyaznik_ws/src/mavsdk_bridge/install/local_setup.sh'
[18.244s] INFO:colcon.colcon_core.shell:Creating prefix util module '/home/leev/workspaces/privyaznik_ws/src/mavsdk_bridge/install/_local_setup_util_sh.py'
[18.244s] INFO:colcon.colcon_core.shell:Creating prefix chain script '/home/leev/workspaces/privyaznik_ws/src/mavsdk_bridge/install/setup.sh'
[18.247s] INFO:colcon.colcon_core.shell:Creating prefix script '/home/leev/workspaces/privyaznik_ws/src/mavsdk_bridge/install/local_setup.bash'
[18.247s] INFO:colcon.colcon_core.shell:Creating prefix chain script '/home/leev/workspaces/privyaznik_ws/src/mavsdk_bridge/install/setup.bash'
[18.249s] INFO:colcon.colcon_core.shell:Creating prefix script '/home/leev/workspaces/privyaznik_ws/src/mavsdk_bridge/install/local_setup.zsh'
[18.249s] INFO:colcon.colcon_core.shell:Creating prefix chain script '/home/leev/workspaces/privyaznik_ws/src/mavsdk_bridge/install/setup.zsh'
